c:\users\fredrik hammar\source\repos\project7\project7\debug\vc141.pdb
c:\users\fredrik hammar\source\repos\project7\project7\debug\vc141.idb
c:\users\fredrik hammar\source\repos\project7\project7\debug\main.obj
c:\users\fredrik hammar\source\repos\project7\project7\debug\system.obj
c:\users\fredrik hammar\source\repos\project7\project7\debug\session.obj
c:\users\fredrik hammar\source\repos\project7\project7\debug\labeled.obj
c:\users\fredrik hammar\source\repos\project7\project7\debug\label.obj
c:\users\fredrik hammar\source\repos\project7\project7\debug\component.obj
c:\users\fredrik hammar\source\repos\project7\project7\debug\button.obj
c:\users\fredrik hammar\source\repos\project7\project7\debug\playersprite.obj
c:\users\fredrik hammar\source\repos\project7\project7\debug\sprite.obj
c:\users\fredrik hammar\source\repos\project7\project7\debug\enemysprite.obj
c:\users\fredrik hammar\source\repos\project7\debug\project7.pdb
c:\users\fredrik hammar\source\repos\project7\project7\debug\project7.tlog\cl.command.1.tlog
c:\users\fredrik hammar\source\repos\project7\project7\debug\project7.tlog\cl.read.1.tlog
c:\users\fredrik hammar\source\repos\project7\project7\debug\project7.tlog\cl.write.1.tlog
c:\users\fredrik hammar\source\repos\project7\project7\debug\project7.tlog\link.32-cvtres.read.1.tlog
c:\users\fredrik hammar\source\repos\project7\project7\debug\project7.tlog\link.32-cvtres.write.1.tlog
c:\users\fredrik hammar\source\repos\project7\project7\debug\project7.tlog\link.32-rc.read.1.tlog
c:\users\fredrik hammar\source\repos\project7\project7\debug\project7.tlog\link.32-rc.write.1.tlog
c:\users\fredrik hammar\source\repos\project7\project7\debug\project7.tlog\link.32.read.1.tlog
c:\users\fredrik hammar\source\repos\project7\project7\debug\project7.tlog\link.32.write.1.tlog
c:\users\fredrik hammar\source\repos\project7\project7\debug\project7.tlog\link.command.1.tlog
c:\users\fredrik hammar\source\repos\project7\project7\debug\project7.tlog\link.read.1.tlog
c:\users\fredrik hammar\source\repos\project7\project7\debug\project7.tlog\link.write.1.tlog
